
дата вызова функции: 19:03:2023 время: 20:07:27
наименование функции hello_world
аргументы функции: args=(), kwargs={}
результат выполнения функции равен Hello World

дата вызова функции: 19:03:2023 время: 20:07:27
наименование функции summator
аргументы функции: args=(2, 2), kwargs={}
результат выполнения функции равен 4

дата вызова функции: 19:03:2023 время: 20:07:27
наименование функции div
аргументы функции: args=(6, 2), kwargs={}
результат выполнения функции равен 3.0

дата вызова функции: 19:03:2023 время: 20:07:27
наименование функции summator
аргументы функции: args=(4.3,), kwargs={'b': 2.2}
результат выполнения функции равен 6.5

дата вызова функции: 19:03:2023 время: 20:07:27
наименование функции summator
аргументы функции: args=(), kwargs={'a': 0, 'b': 0}
результат выполнения функции равен 0
